<?xml version="1.0" encoding="UTF-8"?>
<!-- Generated by org.testng.reporters.JUnitReportReporter -->
<testsuite hostname="Rinkesh" name="com.actitime.userTest.UserTest" tests="1" failures="0" timestamp="10 Dec 2016 07:25:28 GMT" time="59.393" errors="0">
  <testcase name="addUserTest" time="59.393" classname="com.actitime.userTest.UserTest"/>
</testsuite> <!-- com.actitime.userTest.UserTest -->
