<?xml version="1.0" encoding="UTF-8"?>
<!-- Generated by org.testng.reporters.JUnitReportReporter -->
<testsuite hostname="Rinkesh" name="com.actitime.userTest.EditUserTest_01" tests="1" failures="0" timestamp="6 Feb 2017 18:25:31 GMT" time="14.600" errors="0">
  <testcase name="EditAllUserTc_01" time="14.600" classname="com.actitime.userTest.EditUserTest_01"/>
</testsuite> <!-- com.actitime.userTest.EditUserTest_01 -->
