<?xml version="1.0" encoding="UTF-8"?>
<!-- Generated by org.testng.reporters.JUnitReportReporter -->
<testsuite hostname="Rinkesh" name="com.actitime.userTest.LoginTC_01" tests="1" failures="0" timestamp="10 Dec 2016 17:24:33 GMT" time="25.650" errors="0">
  <testcase name="TC_01" time="25.650" classname="com.actitime.userTest.LoginTC_01"/>
</testsuite> <!-- com.actitime.userTest.LoginTC_01 -->
